2018-01-26 09:28:14,678 - Log4JLogChute initialized using file 'velocity.log'
2018-01-26 09:28:14,679 - Initializing Velocity, Calling init()...
2018-01-26 09:28:14,679 - Starting Apache Velocity v1.7 (compiled: 2010-11-19 12:14:37)
2018-01-26 09:28:14,679 - Default Properties File: org\apache\velocity\runtime\defaults\velocity.properties
2018-01-26 09:28:14,679 - Trying to use logger class org.apache.velocity.runtime.log.AvalonLogChute
2018-01-26 09:28:14,679 - Target log system for org.apache.velocity.runtime.log.AvalonLogChute is not available (java.lang.NoClassDefFoundError: org/apache/log/format/Formatter).  Falling back to next log system...
2018-01-26 09:28:14,679 - Trying to use logger class org.apache.velocity.runtime.log.Log4JLogChute
2018-01-26 09:28:14,679 - Using logger class org.apache.velocity.runtime.log.Log4JLogChute
2018-01-26 09:28:14,684 - ResourceLoader instantiated: org.apache.velocity.runtime.resource.loader.ClasspathResourceLoader
2018-01-26 09:28:14,704 - ResourceCache: initialized (class org.apache.velocity.runtime.resource.ResourceCacheImpl) with class java.util.Collections$SynchronizedMap cache map.
2018-01-26 09:28:14,705 - Loaded System Directive: org.apache.velocity.runtime.directive.Stop
2018-01-26 09:28:14,707 - Loaded System Directive: org.apache.velocity.runtime.directive.Define
2018-01-26 09:28:14,708 - Loaded System Directive: org.apache.velocity.runtime.directive.Break
2018-01-26 09:28:14,709 - Loaded System Directive: org.apache.velocity.runtime.directive.Evaluate
2018-01-26 09:28:14,710 - Loaded System Directive: org.apache.velocity.runtime.directive.Literal
2018-01-26 09:28:14,711 - Loaded System Directive: org.apache.velocity.runtime.directive.Macro
2018-01-26 09:28:14,713 - Loaded System Directive: org.apache.velocity.runtime.directive.Parse
2018-01-26 09:28:14,715 - Loaded System Directive: org.apache.velocity.runtime.directive.Include
2018-01-26 09:28:14,716 - Loaded System Directive: org.apache.velocity.runtime.directive.Foreach
2018-01-26 09:28:14,822 - Created '20' parsers.
2018-01-26 09:28:14,834 - Velocimacro : "velocimacro.library" is not set.  Trying default library: VM_global_library.vm
2018-01-26 09:28:14,835 - Could not load resource 'VM_global_library.vm' from ResourceLoader org.apache.velocity.runtime.resource.loader.ClasspathResourceLoader: ClasspathResourceLoader Error: cannot find resource VM_global_library.vm
2018-01-26 09:28:14,835 - Velocimacro : Default library not found.
2018-01-26 09:28:14,835 - Velocimacro : allowInline = true : VMs can be defined inline in templates
2018-01-26 09:28:14,835 - Velocimacro : allowInlineToOverride = false : VMs defined inline may NOT replace previous VM definitions
2018-01-26 09:28:14,835 - Velocimacro : allowInlineLocal = false : VMs defined inline will be global in scope if allowed.
2018-01-26 09:28:14,835 - Velocimacro : autoload off : VM system will not automatically reload global library macros
2018-01-26 09:28:14,965 - ResourceManager : found /template/entity.java.vm with loader org.apache.velocity.runtime.resource.loader.ClasspathResourceLoader
2018-01-26 09:28:15,001 - ResourceManager : found /template/mapper.java.vm with loader org.apache.velocity.runtime.resource.loader.ClasspathResourceLoader
2018-01-26 09:28:15,033 - ResourceManager : found /template/mapper.xml.vm with loader org.apache.velocity.runtime.resource.loader.ClasspathResourceLoader
2018-01-26 09:28:15,086 - ResourceManager : found /template/service.java.vm with loader org.apache.velocity.runtime.resource.loader.ClasspathResourceLoader
2018-01-26 09:28:15,150 - ResourceManager : found /template/serviceImpl.java.vm with loader org.apache.velocity.runtime.resource.loader.ClasspathResourceLoader
2018-01-26 09:28:15,166 - ResourceManager : found /template/controller.java.vm with loader org.apache.velocity.runtime.resource.loader.ClasspathResourceLoader
